[pogeonsol.surge.sh/www.pogethefrog.vip/index.html]
[backblue.gif]
[fade.gif]
[index.html]
[w.ladicdn.com/v4/source/ladipagev3.min793f.js]
[w.ladicdn.com/63b3d7bebcd4e8001229d39c/giphy-10-20240625050548-buvtu.gif]
[w.ladicdn.com/s1440x1138/63b3d7bebcd4e8001229d39c/dgwgj9u-284e4a24-f6a7-4f38-8445-15bf28557860-1hrf-20240625051425-2hymo.png]
[w.ladicdn.com/s850x950/63b3d7bebcd4e8001229d39c/heromascotb-20240625045828-59kzg.png]
[w.ladicdn.com/s400x400/63b3d7bebcd4e8001229d39c/image07-1-20240625041545-fn8um.png]
[w.ladicdn.com/s400x400/63b3d7bebcd4e8001229d39c/image08-1-20240625041629-afzyq.png]
[w.ladicdn.com/s400x400/63b3d7bebcd4e8001229d39c/image08-1vvv-20240625044223-be5fq.png]
[w.ladicdn.com/s400x400/63b3d7bebcd4e8001229d39c/image08-1fde-20240625044351-xb2eh.png]
[w.ladicdn.com/s400x400/63b3d7bebcd4e8001229d39c/image08-1ghe-20240625044518-ne7wk.png]
[w.ladicdn.com/s400x400/63b3d7bebcd4e8001229d39c/fgsdf-20240625044737-clixb.png]
[w.ladicdn.com/s1440x613/63b3d7bebcd4e8001229d39c/dgwgj9u-284e4a24-f6a7-4f38-8445-15bf28557860-1hrf-20240625051425-2hymo.png]
[w.ladicdn.com/s1440x911/63b3d7bebcd4e8001229d39c/dgwgj9u-284e4a24-f6a7-4f38-8445-15bf28557860-1hrf-20240625051425-2hymo.png]
[w.ladicdn.com/s700x750/63b3d7bebcd4e8001229d39c/tax-20240625051601-v1kke.png]
[w.ladicdn.com/s768x695/63b3d7bebcd4e8001229d39c/dgwgj9u-284e4a24-f6a7-4f38-8445-15bf28557860-1hrf-20240625051425-2hymo.png]
[w.ladicdn.com/s600x650/63b3d7bebcd4e8001229d39c/heromascotb-20240625045828-59kzg.png]
[w.ladicdn.com/s350x350/63b3d7bebcd4e8001229d39c/image07-1-20240625041545-fn8um.png]
[w.ladicdn.com/s350x350/63b3d7bebcd4e8001229d39c/image08-1-20240625041629-afzyq.png]
[w.ladicdn.com/s1500x1050/63b3d7bebcd4e8001229d39c/community-20240625052239-4bdpu.png]
[w.ladicdn.com/s350x350/63b3d7bebcd4e8001229d39c/image08-1vvv-20240625044223-be5fq.png]
[w.ladicdn.com/s350x350/63b3d7bebcd4e8001229d39c/image08-1fde-20240625044351-xb2eh.png]
[w.ladicdn.com/s350x350/63b3d7bebcd4e8001229d39c/image08-1ghe-20240625044518-ne7wk.png]
[w.ladicdn.com/s350x350/63b3d7bebcd4e8001229d39c/fgsdf-20240625044737-clixb.png]
[w.ladicdn.com/s768x417/63b3d7bebcd4e8001229d39c/dgwgj9u-284e4a24-f6a7-4f38-8445-15bf28557860-1hrf-20240625051425-2hymo.png]
[w.ladicdn.com/s768x509/63b3d7bebcd4e8001229d39c/dgwgj9u-284e4a24-f6a7-4f38-8445-15bf28557860-1hrf-20240625051425-2hymo.png]
[w.ladicdn.com/s450x500/63b3d7bebcd4e8001229d39c/tax-20240625051601-v1kke.png]
[w.ladicdn.com/s768x560/63b3d7bebcd4e8001229d39c/dgwgj9u-284e4a24-f6a7-4f38-8445-15bf28557860-1hrf-20240625051425-2hymo.png]
[pogeonsol.surge.sh/www.pogethefrog.vip/index.html]
[w.ladicdn.com/s750x550/63b3d7bebcd4e8001229d39c/community-20240625052239-4bdpu.png]
